--------------------------------------------------------------------------
By default, for Open MPI 4.0 and later, infiniband ports on a device
are not used by default.  The intent is to use UCX for these devices.
You can override this policy by setting the btl_openib_allow_ib MCA parameter
to true.

  Local host:              n02p004
  Local adapter:           mlx5_0
  Local port:              1

--------------------------------------------------------------------------
--------------------------------------------------------------------------
WARNING: There was an error initializing an OpenFabrics device.

  Local host:   n02p004
  Local device: mlx5_0
--------------------------------------------------------------------------
Количество итерации:20
Метод Гаусса:x(n):0.000200,x(n-1)=0.000000
Метод сопряженных градиентов:x(n)=0.000109,x(n-1)=0.000074
Размерность матрицы:1000
Количество потоков:4
Время:0.093607s
[n02p004:56246] 3 more processes have sent help message help-mpi-btl-openib.txt / ib port not selected
[n02p004:56246] Set MCA parameter "orte_base_help_aggregate" to 0 to see all help / error messages
[n02p004:56246] 3 more processes have sent help message help-mpi-btl-openib.txt / error in device init
