--------------------------------------------------------------------------
By default, for Open MPI 4.0 and later, infiniband ports on a device
are not used by default.  The intent is to use UCX for these devices.
You can override this policy by setting the btl_openib_allow_ib MCA parameter
to true.

  Local host:              n02p012
  Local adapter:           mlx5_0
  Local port:              1

--------------------------------------------------------------------------
--------------------------------------------------------------------------
WARNING: There was an error initializing an OpenFabrics device.

  Local host:   n02p012
  Local device: mlx5_0
--------------------------------------------------------------------------
[n02p012:48812] 1 more process has sent help message help-mpi-btl-openib.txt / ib port not selected
[n02p012:48812] Set MCA parameter "orte_base_help_aggregate" to 0 to see all help / error messages
[n02p012:48812] 1 more process has sent help message help-mpi-btl-openib.txt / error in device init
Количество итерации20
Размерность матрицы:1000

Количество потоков:2
Время:0.251595s

