--------------------------------------------------------------------------
By default, for Open MPI 4.0 and later, infiniband ports on a device
are not used by default.  The intent is to use UCX for these devices.
You can override this policy by setting the btl_openib_allow_ib MCA parameter
to true.

  Local host:              n02p001
  Local adapter:           mlx5_0
  Local port:              1

--------------------------------------------------------------------------
--------------------------------------------------------------------------
WARNING: There was an error initializing an OpenFabrics device.

  Local host:   n02p001
  Local device: mlx5_0
--------------------------------------------------------------------------
[n02p001:63497] 3 more processes have sent help message help-mpi-btl-openib.txt / ib port not selected
[n02p001:63497] Set MCA parameter "orte_base_help_aggregate" to 0 to see all help / error messages
[n02p001:63497] 3 more processes have sent help message help-mpi-btl-openib.txt / error in device init
Количество итерации20
Размерность матрицы:1000

Количество потоков:4
Время:0.077636s

